{"/Users/vladdryga/Development/pet-projects/memorial-project/client/src/App.js": {"path":"/Users/vladdryga/Development/pet-projects/memorial-project/client/src/App.js","statementMap":{"0":{"start":{"line":18,"column":14},"end":{"line":31,"column":2}},"1":{"start":{"line":34,"column":2},"end":{"line":53,"column":4}}},"fnMap":{"0":{"name":"App","decl":{"start":{"line":33,"column":9},"end":{"line":33,"column":12}},"loc":{"start":{"line":33,"column":15},"end":{"line":54,"column":1}},"line":33}},"branchMap":{},"s":{"0":0,"1":0},"f":{"0":0},"b":{}}
,"/Users/vladdryga/Development/pet-projects/memorial-project/client/src/config.js": {"path":"/Users/vladdryga/Development/pet-projects/memorial-project/client/src/config.js","statementMap":{"0":{"start":{"line":1,"column":16},"end":{"line":1,"column":39}}},"fnMap":{},"branchMap":{},"s":{"0":0},"f":{},"b":{}}
,"/Users/vladdryga/Development/pet-projects/memorial-project/client/src/components/About.js": {"path":"/Users/vladdryga/Development/pet-projects/memorial-project/client/src/components/About.js","statementMap":{"0":{"start":{"line":14,"column":14},"end":{"line":90,"column":1}},"1":{"start":{"line":15,"column":2},"end":{"line":89,"column":4}}},"fnMap":{"0":{"name":"(anonymous_0)","decl":{"start":{"line":14,"column":14},"end":{"line":14,"column":15}},"loc":{"start":{"line":14,"column":20},"end":{"line":90,"column":1}},"line":14}},"branchMap":{},"s":{"0":0,"1":0},"f":{"0":0},"b":{}}
,"/Users/vladdryga/Development/pet-projects/memorial-project/client/src/components/AdminPanel.js": {"path":"/Users/vladdryga/Development/pet-projects/memorial-project/client/src/components/AdminPanel.js","statementMap":{"0":{"start":{"line":35,"column":19},"end":{"line":354,"column":1}},"1":{"start":{"line":36,"column":34},"end":{"line":36,"column":45}},"2":{"start":{"line":37,"column":28},"end":{"line":37,"column":40}},"3":{"start":{"line":38,"column":36},"end":{"line":38,"column":48}},"4":{"start":{"line":39,"column":32},"end":{"line":39,"column":46}},"5":{"start":{"line":40,"column":28},"end":{"line":40,"column":40}},"6":{"start":{"line":41,"column":46},"end":{"line":41,"column":61}},"7":{"start":{"line":42,"column":54},"end":{"line":42,"column":69}},"8":{"start":{"line":43,"column":32},"end":{"line":43,"column":95}},"9":{"start":{"line":44,"column":40},"end":{"line":44,"column":122}},"10":{"start":{"line":46,"column":2},"end":{"line":80,"column":9}},"11":{"start":{"line":47,"column":22},"end":{"line":77,"column":5}},"12":{"start":{"line":48,"column":6},"end":{"line":76,"column":7}},"13":{"start":{"line":49,"column":22},"end":{"line":49,"column":51}},"14":{"start":{"line":50,"column":8},"end":{"line":54,"column":9}},"15":{"start":{"line":51,"column":10},"end":{"line":51,"column":52}},"16":{"start":{"line":52,"column":10},"end":{"line":52,"column":28}},"17":{"start":{"line":53,"column":10},"end":{"line":53,"column":17}},"18":{"start":{"line":56,"column":24},"end":{"line":56,"column":40}},"19":{"start":{"line":57,"column":8},"end":{"line":57,"column":47}},"20":{"start":{"line":58,"column":8},"end":{"line":62,"column":9}},"21":{"start":{"line":59,"column":10},"end":{"line":59,"column":63}},"22":{"start":{"line":60,"column":10},"end":{"line":60,"column":28}},"23":{"start":{"line":61,"column":10},"end":{"line":61,"column":17}},"24":{"start":{"line":64,"column":8},"end":{"line":64,"column":25}},"25":{"start":{"line":65,"column":41},"end":{"line":68,"column":10}},"26":{"start":{"line":69,"column":8},"end":{"line":69,"column":32}},"27":{"start":{"line":70,"column":8},"end":{"line":70,"column":40}},"28":{"start":{"line":71,"column":8},"end":{"line":71,"column":26}},"29":{"start":{"line":73,"column":8},"end":{"line":73,"column":57}},"30":{"start":{"line":74,"column":8},"end":{"line":74,"column":46}},"31":{"start":{"line":75,"column":8},"end":{"line":75,"column":26}},"32":{"start":{"line":79,"column":4},"end":{"line":79,"column":16}},"33":{"start":{"line":82,"column":27},"end":{"line":92,"column":3}},"34":{"start":{"line":83,"column":4},"end":{"line":91,"column":5}},"35":{"start":{"line":84,"column":6},"end":{"line":90,"column":7}},"36":{"start":{"line":85,"column":8},"end":{"line":85,"column":65}},"37":{"start":{"line":86,"column":8},"end":{"line":86,"column":60}},"38":{"start":{"line":86,"column":38},"end":{"line":86,"column":57}},"39":{"start":{"line":88,"column":8},"end":{"line":88,"column":51}},"40":{"start":{"line":89,"column":8},"end":{"line":89,"column":42}},"41":{"start":{"line":94,"column":31},"end":{"line":104,"column":3}},"42":{"start":{"line":95,"column":4},"end":{"line":103,"column":5}},"43":{"start":{"line":96,"column":6},"end":{"line":102,"column":7}},"44":{"start":{"line":97,"column":8},"end":{"line":97,"column":67}},"45":{"start":{"line":98,"column":8},"end":{"line":98,"column":80}},"46":{"start":{"line":98,"column":50},"end":{"line":98,"column":77}},"47":{"start":{"line":100,"column":8},"end":{"line":100,"column":55}},"48":{"start":{"line":101,"column":8},"end":{"line":101,"column":46}},"49":{"start":{"line":106,"column":33},"end":{"line":116,"column":3}},"50":{"start":{"line":107,"column":4},"end":{"line":115,"column":5}},"51":{"start":{"line":108,"column":18},"end":{"line":108,"column":91}},"52":{"start":{"line":109,"column":6},"end":{"line":111,"column":9}},"53":{"start":{"line":110,"column":8},"end":{"line":110,"column":57}},"54":{"start":{"line":113,"column":6},"end":{"line":113,"column":64}},"55":{"start":{"line":114,"column":6},"end":{"line":114,"column":55}},"56":{"start":{"line":118,"column":24},"end":{"line":128,"column":3}},"57":{"start":{"line":119,"column":4},"end":{"line":127,"column":5}},"58":{"start":{"line":120,"column":18},"end":{"line":120,"column":71}},"59":{"start":{"line":121,"column":6},"end":{"line":121,"column":37}},"60":{"start":{"line":122,"column":6},"end":{"line":122,"column":31}},"61":{"start":{"line":123,"column":6},"end":{"line":123,"column":72}},"62":{"start":{"line":125,"column":6},"end":{"line":125,"column":47}},"63":{"start":{"line":126,"column":6},"end":{"line":126,"column":36}},"64":{"start":{"line":130,"column":28},"end":{"line":140,"column":3}},"65":{"start":{"line":131,"column":4},"end":{"line":139,"column":5}},"66":{"start":{"line":132,"column":18},"end":{"line":132,"column":79}},"67":{"start":{"line":133,"column":6},"end":{"line":133,"column":45}},"68":{"start":{"line":134,"column":6},"end":{"line":134,"column":35}},"69":{"start":{"line":135,"column":6},"end":{"line":135,"column":95}},"70":{"start":{"line":137,"column":6},"end":{"line":137,"column":51}},"71":{"start":{"line":138,"column":6},"end":{"line":138,"column":40}},"72":{"start":{"line":142,"column":2},"end":{"line":148,"column":3}},"73":{"start":{"line":143,"column":4},"end":{"line":147,"column":6}},"74":{"start":{"line":150,"column":2},"end":{"line":158,"column":3}},"75":{"start":{"line":151,"column":4},"end":{"line":157,"column":6}},"76":{"start":{"line":160,"column":2},"end":{"line":353,"column":4}},"77":{"start":{"line":163,"column":58},"end":{"line":163,"column":79}},"78":{"start":{"line":170,"column":71},"end":{"line":170,"column":94}},"79":{"start":{"line":185,"column":20},"end":{"line":198,"column":31}},"80":{"start":{"line":192,"column":41},"end":{"line":192,"column":67}},"81":{"start":{"line":208,"column":71},"end":{"line":208,"column":98}},"82":{"start":{"line":223,"column":20},"end":{"line":246,"column":31}},"83":{"start":{"line":233,"column":43},"end":{"line":233,"column":79}},"84":{"start":{"line":241,"column":41},"end":{"line":241,"column":75}},"85":{"start":{"line":256,"column":51},"end":{"line":256,"column":75}},"86":{"start":{"line":263,"column":29},"end":{"line":263,"column":77}},"87":{"start":{"line":271,"column":29},"end":{"line":271,"column":78}},"88":{"start":{"line":279,"column":29},"end":{"line":279,"column":81}},"89":{"start":{"line":287,"column":29},"end":{"line":287,"column":82}},"90":{"start":{"line":292,"column":33},"end":{"line":292,"column":57}},"91":{"start":{"line":300,"column":55},"end":{"line":300,"column":83}},"92":{"start":{"line":307,"column":29},"end":{"line":307,"column":85}},"93":{"start":{"line":315,"column":29},"end":{"line":315,"column":90}},"94":{"start":{"line":324,"column":29},"end":{"line":324,"column":90}},"95":{"start":{"line":334,"column":29},"end":{"line":334,"column":90}},"96":{"start":{"line":341,"column":29},"end":{"line":341,"column":90}},"97":{"start":{"line":346,"column":33},"end":{"line":346,"column":61}}},"fnMap":{"0":{"name":"(anonymous_0)","decl":{"start":{"line":35,"column":19},"end":{"line":35,"column":20}},"loc":{"start":{"line":35,"column":25},"end":{"line":354,"column":1}},"line":35},"1":{"name":"(anonymous_1)","decl":{"start":{"line":46,"column":12},"end":{"line":46,"column":13}},"loc":{"start":{"line":46,"column":18},"end":{"line":80,"column":3}},"line":46},"2":{"name":"(anonymous_2)","decl":{"start":{"line":47,"column":22},"end":{"line":47,"column":23}},"loc":{"start":{"line":47,"column":34},"end":{"line":77,"column":5}},"line":47},"3":{"name":"(anonymous_3)","decl":{"start":{"line":82,"column":27},"end":{"line":82,"column":28}},"loc":{"start":{"line":82,"column":45},"end":{"line":92,"column":3}},"line":82},"4":{"name":"(anonymous_4)","decl":{"start":{"line":86,"column":30},"end":{"line":86,"column":31}},"loc":{"start":{"line":86,"column":38},"end":{"line":86,"column":57}},"line":86},"5":{"name":"(anonymous_5)","decl":{"start":{"line":94,"column":31},"end":{"line":94,"column":32}},"loc":{"start":{"line":94,"column":53},"end":{"line":104,"column":3}},"line":94},"6":{"name":"(anonymous_6)","decl":{"start":{"line":98,"column":38},"end":{"line":98,"column":39}},"loc":{"start":{"line":98,"column":50},"end":{"line":98,"column":77}},"line":98},"7":{"name":"(anonymous_7)","decl":{"start":{"line":106,"column":33},"end":{"line":106,"column":34}},"loc":{"start":{"line":106,"column":55},"end":{"line":116,"column":3}},"line":106},"8":{"name":"(anonymous_8)","decl":{"start":{"line":109,"column":33},"end":{"line":109,"column":34}},"loc":{"start":{"line":110,"column":8},"end":{"line":110,"column":57}},"line":110},"9":{"name":"(anonymous_9)","decl":{"start":{"line":118,"column":24},"end":{"line":118,"column":25}},"loc":{"start":{"line":118,"column":36},"end":{"line":128,"column":3}},"line":118},"10":{"name":"(anonymous_10)","decl":{"start":{"line":130,"column":28},"end":{"line":130,"column":29}},"loc":{"start":{"line":130,"column":40},"end":{"line":140,"column":3}},"line":130},"11":{"name":"(anonymous_11)","decl":{"start":{"line":163,"column":41},"end":{"line":163,"column":42}},"loc":{"start":{"line":163,"column":58},"end":{"line":163,"column":79}},"line":163},"12":{"name":"(anonymous_12)","decl":{"start":{"line":170,"column":65},"end":{"line":170,"column":66}},"loc":{"start":{"line":170,"column":71},"end":{"line":170,"column":94}},"line":170},"13":{"name":"(anonymous_13)","decl":{"start":{"line":184,"column":29},"end":{"line":184,"column":30}},"loc":{"start":{"line":185,"column":20},"end":{"line":198,"column":31}},"line":185},"14":{"name":"(anonymous_14)","decl":{"start":{"line":192,"column":35},"end":{"line":192,"column":36}},"loc":{"start":{"line":192,"column":41},"end":{"line":192,"column":67}},"line":192},"15":{"name":"(anonymous_15)","decl":{"start":{"line":208,"column":65},"end":{"line":208,"column":66}},"loc":{"start":{"line":208,"column":71},"end":{"line":208,"column":98}},"line":208},"16":{"name":"(anonymous_16)","decl":{"start":{"line":222,"column":33},"end":{"line":222,"column":34}},"loc":{"start":{"line":223,"column":20},"end":{"line":246,"column":31}},"line":223},"17":{"name":"(anonymous_17)","decl":{"start":{"line":233,"column":37},"end":{"line":233,"column":38}},"loc":{"start":{"line":233,"column":43},"end":{"line":233,"column":79}},"line":233},"18":{"name":"(anonymous_18)","decl":{"start":{"line":241,"column":35},"end":{"line":241,"column":36}},"loc":{"start":{"line":241,"column":41},"end":{"line":241,"column":75}},"line":241},"19":{"name":"(anonymous_19)","decl":{"start":{"line":256,"column":45},"end":{"line":256,"column":46}},"loc":{"start":{"line":256,"column":51},"end":{"line":256,"column":75}},"line":256},"20":{"name":"(anonymous_20)","decl":{"start":{"line":263,"column":22},"end":{"line":263,"column":23}},"loc":{"start":{"line":263,"column":29},"end":{"line":263,"column":77}},"line":263},"21":{"name":"(anonymous_21)","decl":{"start":{"line":271,"column":22},"end":{"line":271,"column":23}},"loc":{"start":{"line":271,"column":29},"end":{"line":271,"column":78}},"line":271},"22":{"name":"(anonymous_22)","decl":{"start":{"line":279,"column":22},"end":{"line":279,"column":23}},"loc":{"start":{"line":279,"column":29},"end":{"line":279,"column":81}},"line":279},"23":{"name":"(anonymous_23)","decl":{"start":{"line":287,"column":22},"end":{"line":287,"column":23}},"loc":{"start":{"line":287,"column":29},"end":{"line":287,"column":82}},"line":287},"24":{"name":"(anonymous_24)","decl":{"start":{"line":292,"column":27},"end":{"line":292,"column":28}},"loc":{"start":{"line":292,"column":33},"end":{"line":292,"column":57}},"line":292},"25":{"name":"(anonymous_25)","decl":{"start":{"line":300,"column":49},"end":{"line":300,"column":50}},"loc":{"start":{"line":300,"column":55},"end":{"line":300,"column":83}},"line":300},"26":{"name":"(anonymous_26)","decl":{"start":{"line":307,"column":22},"end":{"line":307,"column":23}},"loc":{"start":{"line":307,"column":29},"end":{"line":307,"column":85}},"line":307},"27":{"name":"(anonymous_27)","decl":{"start":{"line":315,"column":22},"end":{"line":315,"column":23}},"loc":{"start":{"line":315,"column":29},"end":{"line":315,"column":90}},"line":315},"28":{"name":"(anonymous_28)","decl":{"start":{"line":324,"column":22},"end":{"line":324,"column":23}},"loc":{"start":{"line":324,"column":29},"end":{"line":324,"column":90}},"line":324},"29":{"name":"(anonymous_29)","decl":{"start":{"line":334,"column":22},"end":{"line":334,"column":23}},"loc":{"start":{"line":334,"column":29},"end":{"line":334,"column":90}},"line":334},"30":{"name":"(anonymous_30)","decl":{"start":{"line":341,"column":22},"end":{"line":341,"column":23}},"loc":{"start":{"line":341,"column":29},"end":{"line":341,"column":90}},"line":341},"31":{"name":"(anonymous_31)","decl":{"start":{"line":346,"column":27},"end":{"line":346,"column":28}},"loc":{"start":{"line":346,"column":33},"end":{"line":346,"column":61}},"line":346}},"branchMap":{"0":{"loc":{"start":{"line":50,"column":8},"end":{"line":54,"column":9}},"type":"if","locations":[{"start":{"line":50,"column":8},"end":{"line":54,"column":9}},{"start":{},"end":{}}],"line":50},"1":{"loc":{"start":{"line":58,"column":8},"end":{"line":62,"column":9}},"type":"if","locations":[{"start":{"line":58,"column":8},"end":{"line":62,"column":9}},{"start":{},"end":{}}],"line":58},"2":{"loc":{"start":{"line":83,"column":4},"end":{"line":91,"column":5}},"type":"if","locations":[{"start":{"line":83,"column":4},"end":{"line":91,"column":5}},{"start":{},"end":{}}],"line":83},"3":{"loc":{"start":{"line":95,"column":4},"end":{"line":103,"column":5}},"type":"if","locations":[{"start":{"line":95,"column":4},"end":{"line":103,"column":5}},{"start":{},"end":{}}],"line":95},"4":{"loc":{"start":{"line":110,"column":8},"end":{"line":110,"column":57}},"type":"cond-expr","locations":[{"start":{"line":110,"column":38},"end":{"line":110,"column":46}},{"start":{"line":110,"column":49},"end":{"line":110,"column":57}}],"line":110},"5":{"loc":{"start":{"line":142,"column":2},"end":{"line":148,"column":3}},"type":"if","locations":[{"start":{"line":142,"column":2},"end":{"line":148,"column":3}},{"start":{},"end":{}}],"line":142},"6":{"loc":{"start":{"line":150,"column":2},"end":{"line":158,"column":3}},"type":"if","locations":[{"start":{"line":150,"column":2},"end":{"line":158,"column":3}},{"start":{},"end":{}}],"line":150},"7":{"loc":{"start":{"line":168,"column":9},"end":{"line":204,"column":9}},"type":"binary-expr","locations":[{"start":{"line":168,"column":9},"end":{"line":168,"column":23}},{"start":{"line":169,"column":10},"end":{"line":203,"column":16}}],"line":168},"8":{"loc":{"start":{"line":188,"column":34},"end":{"line":188,"column":65}},"type":"cond-expr","locations":[{"start":{"line":188,"column":49},"end":{"line":188,"column":56}},{"start":{"line":188,"column":59},"end":{"line":188,"column":65}}],"line":188},"9":{"loc":{"start":{"line":206,"column":9},"end":{"line":252,"column":9}},"type":"binary-expr","locations":[{"start":{"line":206,"column":9},"end":{"line":206,"column":23}},{"start":{"line":207,"column":10},"end":{"line":251,"column":16}}],"line":206},"10":{"loc":{"start":{"line":225,"column":34},"end":{"line":225,"column":71}},"type":"binary-expr","locations":[{"start":{"line":225,"column":34},"end":{"line":225,"column":58}},{"start":{"line":225,"column":62},"end":{"line":225,"column":71}}],"line":225},"11":{"loc":{"start":{"line":227,"column":25},"end":{"line":227,"column":65}},"type":"cond-expr","locations":[{"start":{"line":227,"column":45},"end":{"line":227,"column":53}},{"start":{"line":227,"column":56},"end":{"line":227,"column":65}}],"line":227},"12":{"loc":{"start":{"line":230,"column":40},"end":{"line":230,"column":111}},"type":"cond-expr","locations":[{"start":{"line":230,"column":60},"end":{"line":230,"column":84}},{"start":{"line":230,"column":87},"end":{"line":230,"column":111}}],"line":230},"13":{"loc":{"start":{"line":232,"column":35},"end":{"line":232,"column":74}},"type":"cond-expr","locations":[{"start":{"line":232,"column":55},"end":{"line":232,"column":62}},{"start":{"line":232,"column":65},"end":{"line":232,"column":74}}],"line":232},"14":{"loc":{"start":{"line":236,"column":29},"end":{"line":236,"column":91}},"type":"cond-expr","locations":[{"start":{"line":236,"column":49},"end":{"line":236,"column":70}},{"start":{"line":236,"column":73},"end":{"line":236,"column":91}}],"line":236}},"s":{"0":0,"1":0,"2":0,"3":0,"4":0,"5":0,"6":0,"7":0,"8":0,"9":0,"10":0,"11":0,"12":0,"13":0,"14":0,"15":0,"16":0,"17":0,"18":0,"19":0,"20":0,"21":0,"22":0,"23":0,"24":0,"25":0,"26":0,"27":0,"28":0,"29":0,"30":0,"31":0,"32":0,"33":0,"34":0,"35":0,"36":0,"37":0,"38":0,"39":0,"40":0,"41":0,"42":0,"43":0,"44":0,"45":0,"46":0,"47":0,"48":0,"49":0,"50":0,"51":0,"52":0,"53":0,"54":0,"55":0,"56":0,"57":0,"58":0,"59":0,"60":0,"61":0,"62":0,"63":0,"64":0,"65":0,"66":0,"67":0,"68":0,"69":0,"70":0,"71":0,"72":0,"73":0,"74":0,"75":0,"76":0,"77":0,"78":0,"79":0,"80":0,"81":0,"82":0,"83":0,"84":0,"85":0,"86":0,"87":0,"88":0,"89":0,"90":0,"91":0,"92":0,"93":0,"94":0,"95":0,"96":0,"97":0},"f":{"0":0,"1":0,"2":0,"3":0,"4":0,"5":0,"6":0,"7":0,"8":0,"9":0,"10":0,"11":0,"12":0,"13":0,"14":0,"15":0,"16":0,"17":0,"18":0,"19":0,"20":0,"21":0,"22":0,"23":0,"24":0,"25":0,"26":0,"27":0,"28":0,"29":0,"30":0,"31":0},"b":{"0":[0,0],"1":[0,0],"2":[0,0],"3":[0,0],"4":[0,0],"5":[0,0],"6":[0,0],"7":[0,0],"8":[0,0],"9":[0,0],"10":[0,0],"11":[0,0],"12":[0,0],"13":[0,0],"14":[0,0]}}
,"/Users/vladdryga/Development/pet-projects/memorial-project/client/src/components/AdminRoute.js": {"path":"/Users/vladdryga/Development/pet-projects/memorial-project/client/src/components/AdminRoute.js","statementMap":{"0":{"start":{"line":4,"column":19},"end":{"line":36,"column":1}},"1":{"start":{"line":5,"column":16},"end":{"line":5,"column":45}},"2":{"start":{"line":7,"column":2},"end":{"line":10,"column":3}},"3":{"start":{"line":8,"column":4},"end":{"line":8,"column":34}},"4":{"start":{"line":9,"column":4},"end":{"line":9,"column":36}},"5":{"start":{"line":12,"column":2},"end":{"line":35,"column":3}},"6":{"start":{"line":14,"column":22},"end":{"line":14,"column":41}},"7":{"start":{"line":15,"column":19},"end":{"line":15,"column":66}},"8":{"start":{"line":16,"column":24},"end":{"line":18,"column":16}},"9":{"start":{"line":17,"column":6},"end":{"line":17,"column":67}},"10":{"start":{"line":20,"column":4},"end":{"line":20,"column":55}},"11":{"start":{"line":21,"column":21},"end":{"line":21,"column":44}},"12":{"start":{"line":22,"column":4},"end":{"line":22,"column":42}},"13":{"start":{"line":23,"column":4},"end":{"line":23,"column":43}},"14":{"start":{"line":25,"column":4},"end":{"line":28,"column":5}},"15":{"start":{"line":26,"column":6},"end":{"line":26,"column":60}},"16":{"start":{"line":27,"column":6},"end":{"line":27,"column":33}},"17":{"start":{"line":30,"column":4},"end":{"line":30,"column":56}},"18":{"start":{"line":31,"column":4},"end":{"line":31,"column":20}},"19":{"start":{"line":33,"column":4},"end":{"line":33,"column":47}},"20":{"start":{"line":34,"column":4},"end":{"line":34,"column":36}}},"fnMap":{"0":{"name":"(anonymous_0)","decl":{"start":{"line":4,"column":19},"end":{"line":4,"column":20}},"loc":{"start":{"line":4,"column":37},"end":{"line":36,"column":1}},"line":4},"1":{"name":"(anonymous_1)","decl":{"start":{"line":16,"column":70},"end":{"line":16,"column":71}},"loc":{"start":{"line":16,"column":82},"end":{"line":18,"column":5}},"line":16}},"branchMap":{"0":{"loc":{"start":{"line":7,"column":2},"end":{"line":10,"column":3}},"type":"if","locations":[{"start":{"line":7,"column":2},"end":{"line":10,"column":3}},{"start":{},"end":{}}],"line":7},"1":{"loc":{"start":{"line":25,"column":4},"end":{"line":28,"column":5}},"type":"if","locations":[{"start":{"line":25,"column":4},"end":{"line":28,"column":5}},{"start":{},"end":{}}],"line":25}},"s":{"0":0,"1":0,"2":0,"3":0,"4":0,"5":0,"6":0,"7":0,"8":0,"9":0,"10":0,"11":0,"12":0,"13":0,"14":0,"15":0,"16":0,"17":0,"18":0,"19":0,"20":0},"f":{"0":0,"1":0},"b":{"0":[0,0],"1":[0,0]}}
,"/Users/vladdryga/Development/pet-projects/memorial-project/client/src/components/CreateMemorial.js": {"path":"/Users/vladdryga/Development/pet-projects/memorial-project/client/src/components/CreateMemorial.js","statementMap":{"0":{"start":{"line":17,"column":23},"end":{"line":217,"column":1}},"1":{"start":{"line":18,"column":2},"end":{"line":18,"column":52}},"2":{"start":{"line":20,"column":19},"end":{"line":20,"column":32}},"3":{"start":{"line":21,"column":30},"end":{"line":21,"column":39}},"4":{"start":{"line":22,"column":2},"end":{"line":22,"column":51}},"5":{"start":{"line":24,"column":34},"end":{"line":29,"column":4}},"6":{"start":{"line":30,"column":28},"end":{"line":30,"column":42}},"7":{"start":{"line":31,"column":42},"end":{"line":31,"column":56}},"8":{"start":{"line":32,"column":28},"end":{"line":32,"column":40}},"9":{"start":{"line":33,"column":32},"end":{"line":33,"column":47}},"10":{"start":{"line":35,"column":2},"end":{"line":44,"column":34}},"11":{"start":{"line":36,"column":4},"end":{"line":36,"column":52}},"12":{"start":{"line":37,"column":18},"end":{"line":37,"column":47}},"13":{"start":{"line":38,"column":4},"end":{"line":38,"column":51}},"14":{"start":{"line":40,"column":4},"end":{"line":43,"column":5}},"15":{"start":{"line":41,"column":6},"end":{"line":41,"column":73}},"16":{"start":{"line":42,"column":6},"end":{"line":42,"column":25}},"17":{"start":{"line":46,"column":52},"end":{"line":46,"column":60}},"18":{"start":{"line":48,"column":19},"end":{"line":50,"column":3}},"19":{"start":{"line":49,"column":4},"end":{"line":49,"column":66}},"20":{"start":{"line":52,"column":28},"end":{"line":63,"column":3}},"21":{"start":{"line":53,"column":17},"end":{"line":53,"column":34}},"22":{"start":{"line":54,"column":4},"end":{"line":62,"column":5}},"23":{"start":{"line":55,"column":6},"end":{"line":55,"column":21}},"24":{"start":{"line":57,"column":21},"end":{"line":57,"column":37}},"25":{"start":{"line":58,"column":6},"end":{"line":60,"column":8}},"26":{"start":{"line":59,"column":8},"end":{"line":59,"column":39}},"27":{"start":{"line":61,"column":6},"end":{"line":61,"column":33}},"28":{"start":{"line":65,"column":23},"end":{"line":106,"column":3}},"29":{"start":{"line":66,"column":4},"end":{"line":66,"column":23}},"30":{"start":{"line":67,"column":4},"end":{"line":67,"column":43}},"31":{"start":{"line":68,"column":4},"end":{"line":68,"column":21}},"32":{"start":{"line":69,"column":4},"end":{"line":69,"column":17}},"33":{"start":{"line":71,"column":18},"end":{"line":71,"column":47}},"34":{"start":{"line":72,"column":4},"end":{"line":72,"column":47}},"35":{"start":{"line":74,"column":4},"end":{"line":79,"column":5}},"36":{"start":{"line":75,"column":6},"end":{"line":75,"column":51}},"37":{"start":{"line":76,"column":6},"end":{"line":76,"column":72}},"38":{"start":{"line":77,"column":6},"end":{"line":77,"column":24}},"39":{"start":{"line":78,"column":6},"end":{"line":78,"column":13}},"40":{"start":{"line":81,"column":4},"end":{"line":105,"column":5}},"41":{"start":{"line":83,"column":31},"end":{"line":83,"column":83}},"42":{"start":{"line":84,"column":6},"end":{"line":84,"column":75}},"43":{"start":{"line":87,"column":6},"end":{"line":96,"column":7}},"44":{"start":{"line":88,"column":25},"end":{"line":88,"column":39}},"45":{"start":{"line":89,"column":8},"end":{"line":89,"column":40}},"46":{"start":{"line":91,"column":8},"end":{"line":95,"column":11}},"47":{"start":{"line":98,"column":6},"end":{"line":98,"column":20}},"48":{"start":{"line":100,"column":6},"end":{"line":100,"column":53}},"49":{"start":{"line":101,"column":6},"end":{"line":101,"column":53}},"50":{"start":{"line":102,"column":6},"end":{"line":102,"column":71}},"51":{"start":{"line":104,"column":6},"end":{"line":104,"column":24}},"52":{"start":{"line":108,"column":2},"end":{"line":111,"column":3}},"53":{"start":{"line":109,"column":4},"end":{"line":109,"column":53}},"54":{"start":{"line":110,"column":4},"end":{"line":110,"column":16}},"55":{"start":{"line":113,"column":2},"end":{"line":216,"column":4}}},"fnMap":{"0":{"name":"(anonymous_0)","decl":{"start":{"line":17,"column":23},"end":{"line":17,"column":24}},"loc":{"start":{"line":17,"column":29},"end":{"line":217,"column":1}},"line":17},"1":{"name":"(anonymous_1)","decl":{"start":{"line":35,"column":12},"end":{"line":35,"column":13}},"loc":{"start":{"line":35,"column":18},"end":{"line":44,"column":3}},"line":35},"2":{"name":"(anonymous_2)","decl":{"start":{"line":48,"column":19},"end":{"line":48,"column":20}},"loc":{"start":{"line":48,"column":26},"end":{"line":50,"column":3}},"line":48},"3":{"name":"(anonymous_3)","decl":{"start":{"line":52,"column":28},"end":{"line":52,"column":29}},"loc":{"start":{"line":52,"column":35},"end":{"line":63,"column":3}},"line":52},"4":{"name":"(anonymous_4)","decl":{"start":{"line":58,"column":25},"end":{"line":58,"column":26}},"loc":{"start":{"line":58,"column":31},"end":{"line":60,"column":7}},"line":58},"5":{"name":"(anonymous_5)","decl":{"start":{"line":65,"column":23},"end":{"line":65,"column":24}},"loc":{"start":{"line":65,"column":36},"end":{"line":106,"column":3}},"line":65}},"branchMap":{"0":{"loc":{"start":{"line":40,"column":4},"end":{"line":43,"column":5}},"type":"if","locations":[{"start":{"line":40,"column":4},"end":{"line":43,"column":5}},{"start":{},"end":{}}],"line":40},"1":{"loc":{"start":{"line":40,"column":8},"end":{"line":40,"column":34}},"type":"binary-expr","locations":[{"start":{"line":40,"column":8},"end":{"line":40,"column":14}},{"start":{"line":40,"column":18},"end":{"line":40,"column":34}}],"line":40},"2":{"loc":{"start":{"line":54,"column":4},"end":{"line":62,"column":5}},"type":"if","locations":[{"start":{"line":54,"column":4},"end":{"line":62,"column":5}},{"start":{},"end":{}}],"line":54},"3":{"loc":{"start":{"line":74,"column":4},"end":{"line":79,"column":5}},"type":"if","locations":[{"start":{"line":74,"column":4},"end":{"line":79,"column":5}},{"start":{},"end":{}}],"line":74},"4":{"loc":{"start":{"line":87,"column":6},"end":{"line":96,"column":7}},"type":"if","locations":[{"start":{"line":87,"column":6},"end":{"line":96,"column":7}},{"start":{},"end":{}}],"line":87},"5":{"loc":{"start":{"line":102,"column":15},"end":{"line":102,"column":69}},"type":"binary-expr","locations":[{"start":{"line":102,"column":15},"end":{"line":102,"column":38}},{"start":{"line":102,"column":42},"end":{"line":102,"column":69}}],"line":102},"6":{"loc":{"start":{"line":108,"column":2},"end":{"line":111,"column":3}},"type":"if","locations":[{"start":{"line":108,"column":2},"end":{"line":111,"column":3}},{"start":{},"end":{}}],"line":108},"7":{"loc":{"start":{"line":119,"column":9},"end":{"line":123,"column":9}},"type":"binary-expr","locations":[{"start":{"line":119,"column":9},"end":{"line":119,"column":14}},{"start":{"line":120,"column":10},"end":{"line":122,"column":18}}],"line":119},"8":{"loc":{"start":{"line":189,"column":13},"end":{"line":201,"column":13}},"type":"binary-expr","locations":[{"start":{"line":189,"column":13},"end":{"line":189,"column":25}},{"start":{"line":190,"column":14},"end":{"line":200,"column":20}}],"line":189},"9":{"loc":{"start":{"line":211,"column":13},"end":{"line":211,"column":56}},"type":"cond-expr","locations":[{"start":{"line":211,"column":23},"end":{"line":211,"column":36}},{"start":{"line":211,"column":39},"end":{"line":211,"column":56}}],"line":211}},"s":{"0":0,"1":0,"2":0,"3":0,"4":0,"5":0,"6":0,"7":0,"8":0,"9":0,"10":0,"11":0,"12":0,"13":0,"14":0,"15":0,"16":0,"17":0,"18":0,"19":0,"20":0,"21":0,"22":0,"23":0,"24":0,"25":0,"26":0,"27":0,"28":0,"29":0,"30":0,"31":0,"32":0,"33":0,"34":0,"35":0,"36":0,"37":0,"38":0,"39":0,"40":0,"41":0,"42":0,"43":0,"44":0,"45":0,"46":0,"47":0,"48":0,"49":0,"50":0,"51":0,"52":0,"53":0,"54":0,"55":0},"f":{"0":0,"1":0,"2":0,"3":0,"4":0,"5":0},"b":{"0":[0,0],"1":[0,0],"2":[0,0],"3":[0,0],"4":[0,0],"5":[0,0],"6":[0,0],"7":[0,0],"8":[0,0],"9":[0,0]}}
,"/Users/vladdryga/Development/pet-projects/memorial-project/client/src/components/Home.js": {"path":"/Users/vladdryga/Development/pet-projects/memorial-project/client/src/components/Home.js","statementMap":{"0":{"start":{"line":6,"column":13},"end":{"line":61,"column":1}},"1":{"start":{"line":7,"column":36},"end":{"line":7,"column":48}},"2":{"start":{"line":8,"column":32},"end":{"line":8,"column":46}},"3":{"start":{"line":9,"column":28},"end":{"line":9,"column":40}},"4":{"start":{"line":11,"column":2},"end":{"line":27,"column":9}},"5":{"start":{"line":12,"column":27},"end":{"line":24,"column":5}},"6":{"start":{"line":13,"column":6},"end":{"line":23,"column":7}},"7":{"start":{"line":14,"column":8},"end":{"line":14,"column":25}},"8":{"start":{"line":15,"column":25},"end":{"line":15,"column":66}},"9":{"start":{"line":16,"column":8},"end":{"line":16,"column":36}},"10":{"start":{"line":17,"column":8},"end":{"line":17,"column":21}},"11":{"start":{"line":19,"column":8},"end":{"line":19,"column":56}},"12":{"start":{"line":20,"column":8},"end":{"line":20,"column":45}},"13":{"start":{"line":22,"column":8},"end":{"line":22,"column":26}},"14":{"start":{"line":26,"column":4},"end":{"line":26,"column":21}},"15":{"start":{"line":29,"column":2},"end":{"line":35,"column":3}},"16":{"start":{"line":30,"column":4},"end":{"line":34,"column":6}},"17":{"start":{"line":37,"column":2},"end":{"line":45,"column":3}},"18":{"start":{"line":38,"column":4},"end":{"line":44,"column":6}},"19":{"start":{"line":47,"column":2},"end":{"line":60,"column":4}},"20":{"start":{"line":54,"column":10},"end":{"line":56,"column":17}}},"fnMap":{"0":{"name":"(anonymous_0)","decl":{"start":{"line":6,"column":13},"end":{"line":6,"column":14}},"loc":{"start":{"line":6,"column":19},"end":{"line":61,"column":1}},"line":6},"1":{"name":"(anonymous_1)","decl":{"start":{"line":11,"column":12},"end":{"line":11,"column":13}},"loc":{"start":{"line":11,"column":18},"end":{"line":27,"column":3}},"line":11},"2":{"name":"(anonymous_2)","decl":{"start":{"line":12,"column":27},"end":{"line":12,"column":28}},"loc":{"start":{"line":12,"column":39},"end":{"line":24,"column":5}},"line":12},"3":{"name":"(anonymous_3)","decl":{"start":{"line":53,"column":23},"end":{"line":53,"column":24}},"loc":{"start":{"line":54,"column":10},"end":{"line":56,"column":17}},"line":54}},"branchMap":{"0":{"loc":{"start":{"line":29,"column":2},"end":{"line":35,"column":3}},"type":"if","locations":[{"start":{"line":29,"column":2},"end":{"line":35,"column":3}},{"start":{},"end":{}}],"line":29},"1":{"loc":{"start":{"line":37,"column":2},"end":{"line":45,"column":3}},"type":"if","locations":[{"start":{"line":37,"column":2},"end":{"line":45,"column":3}},{"start":{},"end":{}}],"line":37}},"s":{"0":0,"1":0,"2":0,"3":0,"4":0,"5":0,"6":0,"7":0,"8":0,"9":0,"10":0,"11":0,"12":0,"13":0,"14":0,"15":0,"16":0,"17":0,"18":0,"19":0,"20":0},"f":{"0":0,"1":0,"2":0,"3":0},"b":{"0":[0,0],"1":[0,0]}}
,"/Users/vladdryga/Development/pet-projects/memorial-project/client/src/components/Login.js": {"path":"/Users/vladdryga/Development/pet-projects/memorial-project/client/src/components/Login.js","statementMap":{"0":{"start":{"line":16,"column":14},"end":{"line":95,"column":1}},"1":{"start":{"line":17,"column":34},"end":{"line":20,"column":4}},"2":{"start":{"line":21,"column":28},"end":{"line":21,"column":40}},"3":{"start":{"line":22,"column":19},"end":{"line":22,"column":32}},"4":{"start":{"line":23,"column":20},"end":{"line":23,"column":29}},"5":{"start":{"line":25,"column":30},"end":{"line":25,"column":38}},"6":{"start":{"line":27,"column":19},"end":{"line":29,"column":3}},"7":{"start":{"line":28,"column":4},"end":{"line":28,"column":66}},"8":{"start":{"line":31,"column":19},"end":{"line":40,"column":3}},"9":{"start":{"line":32,"column":4},"end":{"line":32,"column":23}},"10":{"start":{"line":33,"column":4},"end":{"line":39,"column":5}},"11":{"start":{"line":34,"column":18},"end":{"line":34,"column":71}},"12":{"start":{"line":35,"column":6},"end":{"line":35,"column":28}},"13":{"start":{"line":36,"column":6},"end":{"line":36,"column":20}},"14":{"start":{"line":38,"column":6},"end":{"line":38,"column":63}},"15":{"start":{"line":42,"column":2},"end":{"line":94,"column":4}}},"fnMap":{"0":{"name":"(anonymous_0)","decl":{"start":{"line":16,"column":14},"end":{"line":16,"column":15}},"loc":{"start":{"line":16,"column":20},"end":{"line":95,"column":1}},"line":16},"1":{"name":"(anonymous_1)","decl":{"start":{"line":27,"column":19},"end":{"line":27,"column":20}},"loc":{"start":{"line":27,"column":26},"end":{"line":29,"column":3}},"line":27},"2":{"name":"(anonymous_2)","decl":{"start":{"line":31,"column":19},"end":{"line":31,"column":20}},"loc":{"start":{"line":31,"column":32},"end":{"line":40,"column":3}},"line":31}},"branchMap":{"0":{"loc":{"start":{"line":38,"column":15},"end":{"line":38,"column":61}},"type":"binary-expr","locations":[{"start":{"line":38,"column":15},"end":{"line":38,"column":38}},{"start":{"line":38,"column":42},"end":{"line":38,"column":61}}],"line":38},"1":{"loc":{"start":{"line":48,"column":9},"end":{"line":52,"column":9}},"type":"binary-expr","locations":[{"start":{"line":48,"column":9},"end":{"line":48,"column":14}},{"start":{"line":49,"column":10},"end":{"line":51,"column":18}}],"line":48}},"s":{"0":0,"1":0,"2":0,"3":0,"4":0,"5":0,"6":0,"7":0,"8":0,"9":0,"10":0,"11":0,"12":0,"13":0,"14":0,"15":0},"f":{"0":0,"1":0,"2":0},"b":{"0":[0,0],"1":[0,0]}}
,"/Users/vladdryga/Development/pet-projects/memorial-project/client/src/components/MemorialCard.js": {"path":"/Users/vladdryga/Development/pet-projects/memorial-project/client/src/components/MemorialCard.js","statementMap":{"0":{"start":{"line":13,"column":21},"end":{"line":80,"column":1}},"1":{"start":{"line":14,"column":23},"end":{"line":18,"column":3}},"2":{"start":{"line":15,"column":4},"end":{"line":15,"column":52}},"3":{"start":{"line":15,"column":40},"end":{"line":15,"column":52}},"4":{"start":{"line":16,"column":22},"end":{"line":16,"column":56}},"5":{"start":{"line":16,"column":43},"end":{"line":16,"column":55}},"6":{"start":{"line":17,"column":4},"end":{"line":17,"column":53}},"7":{"start":{"line":20,"column":20},"end":{"line":20,"column":49}},"8":{"start":{"line":22,"column":2},"end":{"line":79,"column":4}}},"fnMap":{"0":{"name":"(anonymous_0)","decl":{"start":{"line":13,"column":21},"end":{"line":13,"column":22}},"loc":{"start":{"line":13,"column":39},"end":{"line":80,"column":1}},"line":13},"1":{"name":"(anonymous_1)","decl":{"start":{"line":14,"column":23},"end":{"line":14,"column":24}},"loc":{"start":{"line":14,"column":35},"end":{"line":18,"column":3}},"line":14},"2":{"name":"(anonymous_2)","decl":{"start":{"line":16,"column":34},"end":{"line":16,"column":35}},"loc":{"start":{"line":16,"column":43},"end":{"line":16,"column":55}},"line":16}},"branchMap":{"0":{"loc":{"start":{"line":15,"column":4},"end":{"line":15,"column":52}},"type":"if","locations":[{"start":{"line":15,"column":4},"end":{"line":15,"column":52}},{"start":{},"end":{}}],"line":15},"1":{"loc":{"start":{"line":15,"column":8},"end":{"line":15,"column":38}},"type":"binary-expr","locations":[{"start":{"line":15,"column":8},"end":{"line":15,"column":15}},{"start":{"line":15,"column":19},"end":{"line":15,"column":38}}],"line":15},"2":{"loc":{"start":{"line":17,"column":11},"end":{"line":17,"column":52}},"type":"cond-expr","locations":[{"start":{"line":17,"column":23},"end":{"line":17,"column":36}},{"start":{"line":17,"column":39},"end":{"line":17,"column":52}}],"line":17},"3":{"loc":{"start":{"line":35,"column":7},"end":{"line":55,"column":7}},"type":"cond-expr","locations":[{"start":{"line":36,"column":8},"end":{"line":42,"column":10}},{"start":{"line":44,"column":8},"end":{"line":54,"column":14}}],"line":35},"4":{"loc":{"start":{"line":39,"column":17},"end":{"line":39,"column":84}},"type":"cond-expr","locations":[{"start":{"line":39,"column":48},"end":{"line":39,"column":57}},{"start":{"line":39,"column":60},"end":{"line":39,"column":84}}],"line":39},"5":{"loc":{"start":{"line":64,"column":11},"end":{"line":66,"column":32}},"type":"cond-expr","locations":[{"start":{"line":65,"column":14},"end":{"line":65,"column":58}},{"start":{"line":66,"column":14},"end":{"line":66,"column":32}}],"line":64}},"s":{"0":0,"1":0,"2":0,"3":0,"4":0,"5":0,"6":0,"7":0,"8":0},"f":{"0":0,"1":0,"2":0},"b":{"0":[0,0],"1":[0,0],"2":[0,0],"3":[0,0],"4":[0,0],"5":[0,0]}}
,"/Users/vladdryga/Development/pet-projects/memorial-project/client/src/components/MemorialDetail.js": {"path":"/Users/vladdryga/Development/pet-projects/memorial-project/client/src/components/MemorialDetail.js","statementMap":{"0":{"start":{"line":26,"column":23},"end":{"line":313,"column":1}},"1":{"start":{"line":27,"column":17},"end":{"line":27,"column":28}},"2":{"start":{"line":28,"column":19},"end":{"line":28,"column":32}},"3":{"start":{"line":29,"column":36},"end":{"line":29,"column":45}},"4":{"start":{"line":30,"column":34},"end":{"line":30,"column":48}},"5":{"start":{"line":31,"column":32},"end":{"line":31,"column":46}},"6":{"start":{"line":32,"column":28},"end":{"line":32,"column":40}},"7":{"start":{"line":33,"column":42},"end":{"line":33,"column":57}},"8":{"start":{"line":35,"column":2},"end":{"line":61,"column":11}},"9":{"start":{"line":36,"column":26},"end":{"line":53,"column":5}},"10":{"start":{"line":37,"column":6},"end":{"line":52,"column":7}},"11":{"start":{"line":38,"column":8},"end":{"line":38,"column":54}},"12":{"start":{"line":39,"column":20},"end":{"line":39,"column":67}},"13":{"start":{"line":40,"column":8},"end":{"line":40,"column":57}},"14":{"start":{"line":41,"column":8},"end":{"line":41,"column":30}},"15":{"start":{"line":42,"column":8},"end":{"line":42,"column":26}},"16":{"start":{"line":44,"column":8},"end":{"line":44,"column":55}},"17":{"start":{"line":45,"column":8},"end":{"line":49,"column":11}},"18":{"start":{"line":50,"column":8},"end":{"line":50,"column":71}},"19":{"start":{"line":51,"column":8},"end":{"line":51,"column":26}},"20":{"start":{"line":55,"column":4},"end":{"line":60,"column":5}},"21":{"start":{"line":56,"column":6},"end":{"line":56,"column":22}},"22":{"start":{"line":58,"column":6},"end":{"line":58,"column":42}},"23":{"start":{"line":59,"column":6},"end":{"line":59,"column":24}},"24":{"start":{"line":63,"column":23},"end":{"line":73,"column":3}},"25":{"start":{"line":64,"column":4},"end":{"line":72,"column":5}},"26":{"start":{"line":65,"column":6},"end":{"line":71,"column":7}},"27":{"start":{"line":66,"column":8},"end":{"line":66,"column":59}},"28":{"start":{"line":67,"column":8},"end":{"line":67,"column":22}},"29":{"start":{"line":69,"column":8},"end":{"line":69,"column":55}},"30":{"start":{"line":70,"column":8},"end":{"line":70,"column":46}},"31":{"start":{"line":75,"column":28},"end":{"line":93,"column":3}},"32":{"start":{"line":76,"column":17},"end":{"line":76,"column":34}},"33":{"start":{"line":77,"column":4},"end":{"line":77,"column":22}},"34":{"start":{"line":77,"column":15},"end":{"line":77,"column":22}},"35":{"start":{"line":79,"column":21},"end":{"line":79,"column":35}},"36":{"start":{"line":80,"column":4},"end":{"line":80,"column":35}},"37":{"start":{"line":82,"column":4},"end":{"line":92,"column":5}},"38":{"start":{"line":83,"column":18},"end":{"line":87,"column":8}},"39":{"start":{"line":88,"column":6},"end":{"line":88,"column":28}},"40":{"start":{"line":90,"column":6},"end":{"line":90,"column":51}},"41":{"start":{"line":91,"column":6},"end":{"line":91,"column":41}},"42":{"start":{"line":95,"column":29},"end":{"line":103,"column":3}},"43":{"start":{"line":96,"column":4},"end":{"line":102,"column":5}},"44":{"start":{"line":97,"column":18},"end":{"line":97,"column":88}},"45":{"start":{"line":98,"column":6},"end":{"line":98,"column":28}},"46":{"start":{"line":100,"column":6},"end":{"line":100,"column":54}},"47":{"start":{"line":101,"column":6},"end":{"line":101,"column":43}},"48":{"start":{"line":105,"column":28},"end":{"line":115,"column":3}},"49":{"start":{"line":106,"column":4},"end":{"line":106,"column":79}},"50":{"start":{"line":106,"column":72},"end":{"line":106,"column":79}},"51":{"start":{"line":108,"column":4},"end":{"line":114,"column":5}},"52":{"start":{"line":109,"column":18},"end":{"line":109,"column":86}},"53":{"start":{"line":110,"column":6},"end":{"line":110,"column":28}},"54":{"start":{"line":112,"column":6},"end":{"line":112,"column":50}},"55":{"start":{"line":113,"column":6},"end":{"line":113,"column":41}},"56":{"start":{"line":117,"column":2},"end":{"line":123,"column":3}},"57":{"start":{"line":118,"column":4},"end":{"line":122,"column":6}},"58":{"start":{"line":125,"column":2},"end":{"line":133,"column":3}},"59":{"start":{"line":126,"column":4},"end":{"line":132,"column":6}},"60":{"start":{"line":135,"column":2},"end":{"line":143,"column":3}},"61":{"start":{"line":136,"column":4},"end":{"line":142,"column":6}},"62":{"start":{"line":145,"column":20},"end":{"line":145,"column":51}},"63":{"start":{"line":146,"column":20},"end":{"line":146,"column":88}},"64":{"start":{"line":146,"column":51},"end":{"line":146,"column":63}},"65":{"start":{"line":147,"column":22},"end":{"line":147,"column":64}},"66":{"start":{"line":149,"column":2},"end":{"line":312,"column":4}},"67":{"start":{"line":171,"column":33},"end":{"line":171,"column":56}},"68":{"start":{"line":195,"column":20},"end":{"line":228,"column":27}},"69":{"start":{"line":212,"column":47},"end":{"line":212,"column":76}},"70":{"start":{"line":220,"column":45},"end":{"line":220,"column":73}},"71":{"start":{"line":238,"column":31},"end":{"line":238,"column":52}},"72":{"start":{"line":289,"column":23},"end":{"line":289,"column":45}},"73":{"start":{"line":308,"column":33},"end":{"line":308,"column":55}}},"fnMap":{"0":{"name":"(anonymous_0)","decl":{"start":{"line":26,"column":23},"end":{"line":26,"column":24}},"loc":{"start":{"line":26,"column":29},"end":{"line":313,"column":1}},"line":26},"1":{"name":"(anonymous_1)","decl":{"start":{"line":35,"column":12},"end":{"line":35,"column":13}},"loc":{"start":{"line":35,"column":18},"end":{"line":61,"column":3}},"line":35},"2":{"name":"(anonymous_2)","decl":{"start":{"line":36,"column":26},"end":{"line":36,"column":27}},"loc":{"start":{"line":36,"column":38},"end":{"line":53,"column":5}},"line":36},"3":{"name":"(anonymous_3)","decl":{"start":{"line":63,"column":23},"end":{"line":63,"column":24}},"loc":{"start":{"line":63,"column":35},"end":{"line":73,"column":3}},"line":63},"4":{"name":"(anonymous_4)","decl":{"start":{"line":75,"column":28},"end":{"line":75,"column":29}},"loc":{"start":{"line":75,"column":41},"end":{"line":93,"column":3}},"line":75},"5":{"name":"(anonymous_5)","decl":{"start":{"line":95,"column":29},"end":{"line":95,"column":30}},"loc":{"start":{"line":95,"column":48},"end":{"line":103,"column":3}},"line":95},"6":{"name":"(anonymous_6)","decl":{"start":{"line":105,"column":28},"end":{"line":105,"column":29}},"loc":{"start":{"line":105,"column":47},"end":{"line":115,"column":3}},"line":105},"7":{"name":"(anonymous_7)","decl":{"start":{"line":146,"column":42},"end":{"line":146,"column":43}},"loc":{"start":{"line":146,"column":51},"end":{"line":146,"column":63}},"line":146},"8":{"name":"(anonymous_8)","decl":{"start":{"line":171,"column":27},"end":{"line":171,"column":28}},"loc":{"start":{"line":171,"column":33},"end":{"line":171,"column":56}},"line":171},"9":{"name":"(anonymous_9)","decl":{"start":{"line":194,"column":39},"end":{"line":194,"column":40}},"loc":{"start":{"line":195,"column":20},"end":{"line":228,"column":27}},"line":195},"10":{"name":"(anonymous_10)","decl":{"start":{"line":212,"column":41},"end":{"line":212,"column":42}},"loc":{"start":{"line":212,"column":47},"end":{"line":212,"column":76}},"line":212},"11":{"name":"(anonymous_11)","decl":{"start":{"line":220,"column":39},"end":{"line":220,"column":40}},"loc":{"start":{"line":220,"column":45},"end":{"line":220,"column":73}},"line":220},"12":{"name":"(anonymous_12)","decl":{"start":{"line":238,"column":25},"end":{"line":238,"column":26}},"loc":{"start":{"line":238,"column":31},"end":{"line":238,"column":52}},"line":238},"13":{"name":"(anonymous_13)","decl":{"start":{"line":289,"column":17},"end":{"line":289,"column":18}},"loc":{"start":{"line":289,"column":23},"end":{"line":289,"column":45}},"line":289},"14":{"name":"(anonymous_14)","decl":{"start":{"line":308,"column":27},"end":{"line":308,"column":28}},"loc":{"start":{"line":308,"column":33},"end":{"line":308,"column":55}},"line":308}},"branchMap":{"0":{"loc":{"start":{"line":50,"column":17},"end":{"line":50,"column":69}},"type":"binary-expr","locations":[{"start":{"line":50,"column":17},"end":{"line":50,"column":40}},{"start":{"line":50,"column":44},"end":{"line":50,"column":69}}],"line":50},"1":{"loc":{"start":{"line":55,"column":4},"end":{"line":60,"column":5}},"type":"if","locations":[{"start":{"line":55,"column":4},"end":{"line":60,"column":5}},{"start":{"line":57,"column":11},"end":{"line":60,"column":5}}],"line":55},"2":{"loc":{"start":{"line":64,"column":4},"end":{"line":72,"column":5}},"type":"if","locations":[{"start":{"line":64,"column":4},"end":{"line":72,"column":5}},{"start":{},"end":{}}],"line":64},"3":{"loc":{"start":{"line":77,"column":4},"end":{"line":77,"column":22}},"type":"if","locations":[{"start":{"line":77,"column":4},"end":{"line":77,"column":22}},{"start":{},"end":{}}],"line":77},"4":{"loc":{"start":{"line":106,"column":4},"end":{"line":106,"column":79}},"type":"if","locations":[{"start":{"line":106,"column":4},"end":{"line":106,"column":79}},{"start":{},"end":{}}],"line":106},"5":{"loc":{"start":{"line":117,"column":2},"end":{"line":123,"column":3}},"type":"if","locations":[{"start":{"line":117,"column":2},"end":{"line":123,"column":3}},{"start":{},"end":{}}],"line":117},"6":{"loc":{"start":{"line":125,"column":2},"end":{"line":133,"column":3}},"type":"if","locations":[{"start":{"line":125,"column":2},"end":{"line":133,"column":3}},{"start":{},"end":{}}],"line":125},"7":{"loc":{"start":{"line":135,"column":2},"end":{"line":143,"column":3}},"type":"if","locations":[{"start":{"line":135,"column":2},"end":{"line":143,"column":3}},{"start":{},"end":{}}],"line":135},"8":{"loc":{"start":{"line":146,"column":20},"end":{"line":146,"column":88}},"type":"binary-expr","locations":[{"start":{"line":146,"column":20},"end":{"line":146,"column":64}},{"start":{"line":146,"column":68},"end":{"line":146,"column":88}}],"line":146},"9":{"loc":{"start":{"line":166,"column":13},"end":{"line":185,"column":13}},"type":"binary-expr","locations":[{"start":{"line":166,"column":13},"end":{"line":166,"column":22}},{"start":{"line":167,"column":14},"end":{"line":184,"column":20}}],"line":166},"10":{"loc":{"start":{"line":188,"column":13},"end":{"line":232,"column":13}},"type":"binary-expr","locations":[{"start":{"line":188,"column":13},"end":{"line":188,"column":28}},{"start":{"line":188,"column":32},"end":{"line":188,"column":58}},{"start":{"line":189,"column":14},"end":{"line":231,"column":20}}],"line":188},"11":{"loc":{"start":{"line":198,"column":31},"end":{"line":198,"column":98}},"type":"cond-expr","locations":[{"start":{"line":198,"column":62},"end":{"line":198,"column":71}},{"start":{"line":198,"column":74},"end":{"line":198,"column":98}}],"line":198},"12":{"loc":{"start":{"line":207,"column":25},"end":{"line":226,"column":25}},"type":"binary-expr","locations":[{"start":{"line":207,"column":25},"end":{"line":207,"column":34}},{"start":{"line":208,"column":26},"end":{"line":225,"column":32}}],"line":207},"13":{"loc":{"start":{"line":209,"column":29},"end":{"line":217,"column":29}},"type":"binary-expr","locations":[{"start":{"line":209,"column":29},"end":{"line":209,"column":42}},{"start":{"line":210,"column":30},"end":{"line":216,"column":43}}],"line":209},"14":{"loc":{"start":{"line":248,"column":13},"end":{"line":281,"column":13}},"type":"binary-expr","locations":[{"start":{"line":248,"column":13},"end":{"line":248,"column":22}},{"start":{"line":249,"column":14},"end":{"line":280,"column":20}}],"line":248},"15":{"loc":{"start":{"line":251,"column":23},"end":{"line":251,"column":102}},"type":"cond-expr","locations":[{"start":{"line":251,"column":58},"end":{"line":251,"column":71}},{"start":{"line":251,"column":74},"end":{"line":251,"column":102}}],"line":251},"16":{"loc":{"start":{"line":260,"column":17},"end":{"line":279,"column":17}},"type":"binary-expr","locations":[{"start":{"line":260,"column":17},"end":{"line":260,"column":26}},{"start":{"line":261,"column":18},"end":{"line":278,"column":24}}],"line":260}},"s":{"0":0,"1":0,"2":0,"3":0,"4":0,"5":0,"6":0,"7":0,"8":0,"9":0,"10":0,"11":0,"12":0,"13":0,"14":0,"15":0,"16":0,"17":0,"18":0,"19":0,"20":0,"21":0,"22":0,"23":0,"24":0,"25":0,"26":0,"27":0,"28":0,"29":0,"30":0,"31":0,"32":0,"33":0,"34":0,"35":0,"36":0,"37":0,"38":0,"39":0,"40":0,"41":0,"42":0,"43":0,"44":0,"45":0,"46":0,"47":0,"48":0,"49":0,"50":0,"51":0,"52":0,"53":0,"54":0,"55":0,"56":0,"57":0,"58":0,"59":0,"60":0,"61":0,"62":0,"63":0,"64":0,"65":0,"66":0,"67":0,"68":0,"69":0,"70":0,"71":0,"72":0,"73":0},"f":{"0":0,"1":0,"2":0,"3":0,"4":0,"5":0,"6":0,"7":0,"8":0,"9":0,"10":0,"11":0,"12":0,"13":0,"14":0},"b":{"0":[0,0],"1":[0,0],"2":[0,0],"3":[0,0],"4":[0,0],"5":[0,0],"6":[0,0],"7":[0,0],"8":[0,0],"9":[0,0],"10":[0,0,0],"11":[0,0],"12":[0,0],"13":[0,0],"14":[0,0],"15":[0,0],"16":[0,0]}}
,"/Users/vladdryga/Development/pet-projects/memorial-project/client/src/components/MemorialPage.js": {"path":"/Users/vladdryga/Development/pet-projects/memorial-project/client/src/components/MemorialPage.js","statementMap":{"0":{"start":{"line":33,"column":21},"end":{"line":190,"column":1}},"1":{"start":{"line":34,"column":17},"end":{"line":34,"column":28}},"2":{"start":{"line":35,"column":19},"end":{"line":35,"column":32}},"3":{"start":{"line":36,"column":34},"end":{"line":36,"column":48}},"4":{"start":{"line":37,"column":28},"end":{"line":37,"column":40}},"5":{"start":{"line":38,"column":32},"end":{"line":38,"column":46}},"6":{"start":{"line":39,"column":36},"end":{"line":39,"column":51}},"7":{"start":{"line":40,"column":30},"end":{"line":40,"column":44}},"8":{"start":{"line":42,"column":2},"end":{"line":57,"column":11}},"9":{"start":{"line":43,"column":26},"end":{"line":54,"column":5}},"10":{"start":{"line":44,"column":6},"end":{"line":53,"column":7}},"11":{"start":{"line":45,"column":25},"end":{"line":45,"column":72}},"12":{"start":{"line":46,"column":8},"end":{"line":46,"column":35}},"13":{"start":{"line":47,"column":8},"end":{"line":47,"column":21}},"14":{"start":{"line":49,"column":8},"end":{"line":49,"column":55}},"15":{"start":{"line":50,"column":8},"end":{"line":50,"column":43}},"16":{"start":{"line":52,"column":8},"end":{"line":52,"column":26}},"17":{"start":{"line":56,"column":4},"end":{"line":56,"column":20}},"18":{"start":{"line":59,"column":22},"end":{"line":63,"column":3}},"19":{"start":{"line":60,"column":4},"end":{"line":60,"column":28}},"20":{"start":{"line":60,"column":16},"end":{"line":60,"column":28}},"21":{"start":{"line":61,"column":4},"end":{"line":61,"column":47}},"22":{"start":{"line":61,"column":34},"end":{"line":61,"column":47}},"23":{"start":{"line":62,"column":4},"end":{"line":62,"column":32}},"24":{"start":{"line":65,"column":2},"end":{"line":73,"column":3}},"25":{"start":{"line":66,"column":4},"end":{"line":72,"column":6}},"26":{"start":{"line":75,"column":2},"end":{"line":83,"column":3}},"27":{"start":{"line":76,"column":4},"end":{"line":82,"column":6}},"28":{"start":{"line":85,"column":2},"end":{"line":93,"column":3}},"29":{"start":{"line":86,"column":4},"end":{"line":92,"column":6}},"30":{"start":{"line":95,"column":2},"end":{"line":189,"column":4}},"31":{"start":{"line":125,"column":20},"end":{"line":135,"column":27}},"32":{"start":{"line":155,"column":14},"end":{"line":168,"column":21}}},"fnMap":{"0":{"name":"(anonymous_0)","decl":{"start":{"line":33,"column":21},"end":{"line":33,"column":22}},"loc":{"start":{"line":33,"column":27},"end":{"line":190,"column":1}},"line":33},"1":{"name":"(anonymous_1)","decl":{"start":{"line":42,"column":12},"end":{"line":42,"column":13}},"loc":{"start":{"line":42,"column":18},"end":{"line":57,"column":3}},"line":42},"2":{"name":"(anonymous_2)","decl":{"start":{"line":43,"column":26},"end":{"line":43,"column":27}},"loc":{"start":{"line":43,"column":38},"end":{"line":54,"column":5}},"line":43},"3":{"name":"(anonymous_3)","decl":{"start":{"line":59,"column":22},"end":{"line":59,"column":23}},"loc":{"start":{"line":59,"column":33},"end":{"line":63,"column":3}},"line":59},"4":{"name":"(anonymous_4)","decl":{"start":{"line":124,"column":39},"end":{"line":124,"column":40}},"loc":{"start":{"line":125,"column":20},"end":{"line":135,"column":27}},"line":125},"5":{"name":"(anonymous_5)","decl":{"start":{"line":154,"column":32},"end":{"line":154,"column":33}},"loc":{"start":{"line":155,"column":14},"end":{"line":168,"column":21}},"line":155}},"branchMap":{"0":{"loc":{"start":{"line":60,"column":4},"end":{"line":60,"column":28}},"type":"if","locations":[{"start":{"line":60,"column":4},"end":{"line":60,"column":28}},{"start":{},"end":{}}],"line":60},"1":{"loc":{"start":{"line":61,"column":4},"end":{"line":61,"column":47}},"type":"if","locations":[{"start":{"line":61,"column":4},"end":{"line":61,"column":47}},{"start":{},"end":{}}],"line":61},"2":{"loc":{"start":{"line":65,"column":2},"end":{"line":73,"column":3}},"type":"if","locations":[{"start":{"line":65,"column":2},"end":{"line":73,"column":3}},{"start":{},"end":{}}],"line":65},"3":{"loc":{"start":{"line":75,"column":2},"end":{"line":83,"column":3}},"type":"if","locations":[{"start":{"line":75,"column":2},"end":{"line":83,"column":3}},{"start":{},"end":{}}],"line":75},"4":{"loc":{"start":{"line":85,"column":2},"end":{"line":93,"column":3}},"type":"if","locations":[{"start":{"line":85,"column":2},"end":{"line":93,"column":3}},{"start":{},"end":{}}],"line":85},"5":{"loc":{"start":{"line":110,"column":15},"end":{"line":114,"column":15}},"type":"binary-expr","locations":[{"start":{"line":110,"column":15},"end":{"line":110,"column":32}},{"start":{"line":111,"column":16},"end":{"line":113,"column":29}}],"line":110},"6":{"loc":{"start":{"line":122,"column":15},"end":{"line":142,"column":15}},"type":"cond-expr","locations":[{"start":{"line":123,"column":16},"end":{"line":137,"column":23}},{"start":{"line":139,"column":16},"end":{"line":141,"column":29}}],"line":122},"7":{"loc":{"start":{"line":122,"column":15},"end":{"line":122,"column":94}},"type":"binary-expr","locations":[{"start":{"line":122,"column":15},"end":{"line":122,"column":30}},{"start":{"line":122,"column":34},"end":{"line":122,"column":64}},{"start":{"line":122,"column":68},"end":{"line":122,"column":94}}],"line":122},"8":{"loc":{"start":{"line":153,"column":11},"end":{"line":176,"column":11}},"type":"cond-expr","locations":[{"start":{"line":154,"column":12},"end":{"line":169,"column":14}},{"start":{"line":171,"column":12},"end":{"line":175,"column":19}}],"line":153},"9":{"loc":{"start":{"line":153,"column":11},"end":{"line":153,"column":90}},"type":"binary-expr","locations":[{"start":{"line":153,"column":11},"end":{"line":153,"column":26}},{"start":{"line":153,"column":30},"end":{"line":153,"column":60}},{"start":{"line":153,"column":64},"end":{"line":153,"column":90}}],"line":153},"10":{"loc":{"start":{"line":162,"column":19},"end":{"line":166,"column":19}},"type":"binary-expr","locations":[{"start":{"line":162,"column":19},"end":{"line":162,"column":32}},{"start":{"line":163,"column":20},"end":{"line":165,"column":34}}],"line":162}},"s":{"0":0,"1":0,"2":0,"3":0,"4":0,"5":0,"6":0,"7":0,"8":0,"9":0,"10":0,"11":0,"12":0,"13":0,"14":0,"15":0,"16":0,"17":0,"18":0,"19":0,"20":0,"21":0,"22":0,"23":0,"24":0,"25":0,"26":0,"27":0,"28":0,"29":0,"30":0,"31":0,"32":0},"f":{"0":0,"1":0,"2":0,"3":0,"4":0,"5":0},"b":{"0":[0,0],"1":[0,0],"2":[0,0],"3":[0,0],"4":[0,0],"5":[0,0],"6":[0,0],"7":[0,0,0],"8":[0,0],"9":[0,0,0],"10":[0,0]}}
,"/Users/vladdryga/Development/pet-projects/memorial-project/client/src/components/Navbar.js": {"path":"/Users/vladdryga/Development/pet-projects/memorial-project/client/src/components/Navbar.js","statementMap":{"0":{"start":{"line":18,"column":15},"end":{"line":107,"column":1}},"1":{"start":{"line":19,"column":34},"end":{"line":19,"column":48}},"2":{"start":{"line":20,"column":47},"end":{"line":20,"column":56}},"3":{"start":{"line":21,"column":19},"end":{"line":21,"column":32}},"4":{"start":{"line":23,"column":21},"end":{"line":25,"column":3}},"5":{"start":{"line":24,"column":4},"end":{"line":24,"column":37}},"6":{"start":{"line":27,"column":22},"end":{"line":29,"column":3}},"7":{"start":{"line":28,"column":4},"end":{"line":28,"column":22}},"8":{"start":{"line":31,"column":23},"end":{"line":35,"column":3}},"9":{"start":{"line":32,"column":4},"end":{"line":32,"column":13}},"10":{"start":{"line":33,"column":4},"end":{"line":33,"column":18}},"11":{"start":{"line":34,"column":4},"end":{"line":34,"column":18}},"12":{"start":{"line":37,"column":2},"end":{"line":106,"column":4}}},"fnMap":{"0":{"name":"(anonymous_0)","decl":{"start":{"line":18,"column":15},"end":{"line":18,"column":16}},"loc":{"start":{"line":18,"column":21},"end":{"line":107,"column":1}},"line":18},"1":{"name":"(anonymous_1)","decl":{"start":{"line":23,"column":21},"end":{"line":23,"column":22}},"loc":{"start":{"line":23,"column":32},"end":{"line":25,"column":3}},"line":23},"2":{"name":"(anonymous_2)","decl":{"start":{"line":27,"column":22},"end":{"line":27,"column":23}},"loc":{"start":{"line":27,"column":28},"end":{"line":29,"column":3}},"line":27},"3":{"name":"(anonymous_3)","decl":{"start":{"line":31,"column":23},"end":{"line":31,"column":24}},"loc":{"start":{"line":31,"column":29},"end":{"line":35,"column":3}},"line":31}},"branchMap":{"0":{"loc":{"start":{"line":52,"column":11},"end":{"line":61,"column":11}},"type":"binary-expr","locations":[{"start":{"line":52,"column":11},"end":{"line":52,"column":18}},{"start":{"line":53,"column":12},"end":{"line":60,"column":21}}],"line":52},"1":{"loc":{"start":{"line":62,"column":11},"end":{"line":102,"column":11}},"type":"cond-expr","locations":[{"start":{"line":63,"column":12},"end":{"line":92,"column":15}},{"start":{"line":94,"column":12},"end":{"line":101,"column":15}}],"line":62}},"s":{"0":0,"1":0,"2":0,"3":0,"4":0,"5":0,"6":0,"7":0,"8":0,"9":0,"10":0,"11":0,"12":0},"f":{"0":0,"1":0,"2":0,"3":0},"b":{"0":[0,0],"1":[0,0]}}
,"/Users/vladdryga/Development/pet-projects/memorial-project/client/src/components/PrivateRoute.js": {"path":"/Users/vladdryga/Development/pet-projects/memorial-project/client/src/components/PrivateRoute.js","statementMap":{"0":{"start":{"line":4,"column":21},"end":{"line":32,"column":1}},"1":{"start":{"line":5,"column":16},"end":{"line":5,"column":45}},"2":{"start":{"line":7,"column":2},"end":{"line":9,"column":3}},"3":{"start":{"line":8,"column":4},"end":{"line":8,"column":36}},"4":{"start":{"line":11,"column":2},"end":{"line":31,"column":3}},"5":{"start":{"line":13,"column":22},"end":{"line":13,"column":41}},"6":{"start":{"line":14,"column":19},"end":{"line":14,"column":66}},"7":{"start":{"line":15,"column":24},"end":{"line":17,"column":16}},"8":{"start":{"line":16,"column":6},"end":{"line":16,"column":67}},"9":{"start":{"line":20,"column":20},"end":{"line":20,"column":43}},"10":{"start":{"line":21,"column":4},"end":{"line":24,"column":5}},"11":{"start":{"line":22,"column":6},"end":{"line":22,"column":39}},"12":{"start":{"line":23,"column":6},"end":{"line":23,"column":38}},"13":{"start":{"line":26,"column":4},"end":{"line":26,"column":20}},"14":{"start":{"line":28,"column":4},"end":{"line":28,"column":50}},"15":{"start":{"line":29,"column":4},"end":{"line":29,"column":37}},"16":{"start":{"line":30,"column":4},"end":{"line":30,"column":36}}},"fnMap":{"0":{"name":"(anonymous_0)","decl":{"start":{"line":4,"column":21},"end":{"line":4,"column":22}},"loc":{"start":{"line":4,"column":39},"end":{"line":32,"column":1}},"line":4},"1":{"name":"(anonymous_1)","decl":{"start":{"line":15,"column":70},"end":{"line":15,"column":71}},"loc":{"start":{"line":15,"column":82},"end":{"line":17,"column":5}},"line":15}},"branchMap":{"0":{"loc":{"start":{"line":7,"column":2},"end":{"line":9,"column":3}},"type":"if","locations":[{"start":{"line":7,"column":2},"end":{"line":9,"column":3}},{"start":{},"end":{}}],"line":7},"1":{"loc":{"start":{"line":21,"column":4},"end":{"line":24,"column":5}},"type":"if","locations":[{"start":{"line":21,"column":4},"end":{"line":24,"column":5}},{"start":{},"end":{}}],"line":21}},"s":{"0":0,"1":0,"2":0,"3":0,"4":0,"5":0,"6":0,"7":0,"8":0,"9":0,"10":0,"11":0,"12":0,"13":0,"14":0,"15":0,"16":0},"f":{"0":0,"1":0},"b":{"0":[0,0],"1":[0,0]}}
,"/Users/vladdryga/Development/pet-projects/memorial-project/client/src/components/Profile.js": {"path":"/Users/vladdryga/Development/pet-projects/memorial-project/client/src/components/Profile.js","statementMap":{"0":{"start":{"line":21,"column":16},"end":{"line":230,"column":1}},"1":{"start":{"line":22,"column":19},"end":{"line":22,"column":32}},"2":{"start":{"line":23,"column":30},"end":{"line":23,"column":39}},"3":{"start":{"line":24,"column":26},"end":{"line":24,"column":40}},"4":{"start":{"line":25,"column":36},"end":{"line":25,"column":48}},"5":{"start":{"line":26,"column":28},"end":{"line":26,"column":40}},"6":{"start":{"line":27,"column":32},"end":{"line":27,"column":46}},"7":{"start":{"line":28,"column":36},"end":{"line":28,"column":51}},"8":{"start":{"line":30,"column":29},"end":{"line":41,"column":3}},"9":{"start":{"line":31,"column":4},"end":{"line":40,"column":5}},"10":{"start":{"line":32,"column":23},"end":{"line":32,"column":79}},"11":{"start":{"line":33,"column":6},"end":{"line":33,"column":34}},"12":{"start":{"line":34,"column":6},"end":{"line":34,"column":19}},"13":{"start":{"line":36,"column":6},"end":{"line":36,"column":54}},"14":{"start":{"line":37,"column":6},"end":{"line":37,"column":23}},"15":{"start":{"line":39,"column":6},"end":{"line":39,"column":24}},"16":{"start":{"line":43,"column":2},"end":{"line":57,"column":24}},"17":{"start":{"line":44,"column":26},"end":{"line":52,"column":5}},"18":{"start":{"line":45,"column":6},"end":{"line":51,"column":7}},"19":{"start":{"line":46,"column":25},"end":{"line":46,"column":65}},"20":{"start":{"line":47,"column":8},"end":{"line":47,"column":31}},"21":{"start":{"line":49,"column":8},"end":{"line":49,"column":56}},"22":{"start":{"line":50,"column":8},"end":{"line":50,"column":45}},"23":{"start":{"line":54,"column":4},"end":{"line":56,"column":5}},"24":{"start":{"line":55,"column":6},"end":{"line":55,"column":22}},"25":{"start":{"line":59,"column":2},"end":{"line":63,"column":13}},"26":{"start":{"line":60,"column":4},"end":{"line":62,"column":5}},"27":{"start":{"line":61,"column":6},"end":{"line":61,"column":35}},"28":{"start":{"line":65,"column":28},"end":{"line":92,"column":3}},"29":{"start":{"line":66,"column":17},"end":{"line":66,"column":38}},"30":{"start":{"line":67,"column":4},"end":{"line":67,"column":22}},"31":{"start":{"line":67,"column":15},"end":{"line":67,"column":22}},"32":{"start":{"line":69,"column":21},"end":{"line":69,"column":35}},"33":{"start":{"line":70,"column":4},"end":{"line":70,"column":35}},"34":{"start":{"line":72,"column":4},"end":{"line":72,"column":23}},"35":{"start":{"line":73,"column":4},"end":{"line":91,"column":5}},"36":{"start":{"line":74,"column":23},"end":{"line":78,"column":8}},"37":{"start":{"line":81,"column":6},"end":{"line":85,"column":9}},"38":{"start":{"line":82,"column":8},"end":{"line":84,"column":20}},"39":{"start":{"line":87,"column":6},"end":{"line":87,"column":51}},"40":{"start":{"line":88,"column":6},"end":{"line":88,"column":41}},"41":{"start":{"line":90,"column":6},"end":{"line":90,"column":26}},"42":{"start":{"line":94,"column":22},"end":{"line":98,"column":3}},"43":{"start":{"line":95,"column":4},"end":{"line":95,"column":28}},"44":{"start":{"line":95,"column":16},"end":{"line":95,"column":28}},"45":{"start":{"line":96,"column":4},"end":{"line":96,"column":47}},"46":{"start":{"line":96,"column":34},"end":{"line":96,"column":47}},"47":{"start":{"line":97,"column":4},"end":{"line":97,"column":32}},"48":{"start":{"line":100,"column":2},"end":{"line":102,"column":3}},"49":{"start":{"line":101,"column":4},"end":{"line":101,"column":16}},"50":{"start":{"line":104,"column":2},"end":{"line":229,"column":4}},"51":{"start":{"line":141,"column":14},"end":{"line":209,"column":21}},"52":{"start":{"line":170,"column":39},"end":{"line":170,"column":73}},"53":{"start":{"line":201,"column":39},"end":{"line":201,"column":76}},"54":{"start":{"line":221,"column":29},"end":{"line":221,"column":48}}},"fnMap":{"0":{"name":"(anonymous_0)","decl":{"start":{"line":21,"column":16},"end":{"line":21,"column":17}},"loc":{"start":{"line":21,"column":22},"end":{"line":230,"column":1}},"line":21},"1":{"name":"(anonymous_1)","decl":{"start":{"line":30,"column":29},"end":{"line":30,"column":30}},"loc":{"start":{"line":30,"column":47},"end":{"line":41,"column":3}},"line":30},"2":{"name":"(anonymous_2)","decl":{"start":{"line":43,"column":12},"end":{"line":43,"column":13}},"loc":{"start":{"line":43,"column":18},"end":{"line":57,"column":3}},"line":43},"3":{"name":"(anonymous_3)","decl":{"start":{"line":44,"column":26},"end":{"line":44,"column":27}},"loc":{"start":{"line":44,"column":38},"end":{"line":52,"column":5}},"line":44},"4":{"name":"(anonymous_4)","decl":{"start":{"line":59,"column":12},"end":{"line":59,"column":13}},"loc":{"start":{"line":59,"column":18},"end":{"line":63,"column":3}},"line":59},"5":{"name":"(anonymous_5)","decl":{"start":{"line":65,"column":28},"end":{"line":65,"column":29}},"loc":{"start":{"line":65,"column":57},"end":{"line":92,"column":3}},"line":65},"6":{"name":"(anonymous_6)","decl":{"start":{"line":81,"column":33},"end":{"line":81,"column":34}},"loc":{"start":{"line":82,"column":8},"end":{"line":84,"column":20}},"line":82},"7":{"name":"(anonymous_7)","decl":{"start":{"line":94,"column":22},"end":{"line":94,"column":23}},"loc":{"start":{"line":94,"column":33},"end":{"line":98,"column":3}},"line":94},"8":{"name":"(anonymous_8)","decl":{"start":{"line":140,"column":27},"end":{"line":140,"column":28}},"loc":{"start":{"line":141,"column":14},"end":{"line":209,"column":21}},"line":141},"9":{"name":"(anonymous_9)","decl":{"start":{"line":170,"column":32},"end":{"line":170,"column":33}},"loc":{"start":{"line":170,"column":39},"end":{"line":170,"column":73}},"line":170},"10":{"name":"(anonymous_10)","decl":{"start":{"line":201,"column":33},"end":{"line":201,"column":34}},"loc":{"start":{"line":201,"column":39},"end":{"line":201,"column":76}},"line":201},"11":{"name":"(anonymous_11)","decl":{"start":{"line":221,"column":23},"end":{"line":221,"column":24}},"loc":{"start":{"line":221,"column":29},"end":{"line":221,"column":48}},"line":221}},"branchMap":{"0":{"loc":{"start":{"line":54,"column":4},"end":{"line":56,"column":5}},"type":"if","locations":[{"start":{"line":54,"column":4},"end":{"line":56,"column":5}},{"start":{},"end":{}}],"line":54},"1":{"loc":{"start":{"line":60,"column":4},"end":{"line":62,"column":5}},"type":"if","locations":[{"start":{"line":60,"column":4},"end":{"line":62,"column":5}},{"start":{},"end":{}}],"line":60},"2":{"loc":{"start":{"line":67,"column":4},"end":{"line":67,"column":22}},"type":"if","locations":[{"start":{"line":67,"column":4},"end":{"line":67,"column":22}},{"start":{},"end":{}}],"line":67},"3":{"loc":{"start":{"line":82,"column":8},"end":{"line":84,"column":20}},"type":"cond-expr","locations":[{"start":{"line":83,"column":12},"end":{"line":83,"column":63}},{"start":{"line":84,"column":12},"end":{"line":84,"column":20}}],"line":82},"4":{"loc":{"start":{"line":95,"column":4},"end":{"line":95,"column":28}},"type":"if","locations":[{"start":{"line":95,"column":4},"end":{"line":95,"column":28}},{"start":{},"end":{}}],"line":95},"5":{"loc":{"start":{"line":96,"column":4},"end":{"line":96,"column":47}},"type":"if","locations":[{"start":{"line":96,"column":4},"end":{"line":96,"column":47}},{"start":{},"end":{}}],"line":96},"6":{"loc":{"start":{"line":100,"column":2},"end":{"line":102,"column":3}},"type":"if","locations":[{"start":{"line":100,"column":2},"end":{"line":102,"column":3}},{"start":{},"end":{}}],"line":100},"7":{"loc":{"start":{"line":111,"column":11},"end":{"line":115,"column":11}},"type":"binary-expr","locations":[{"start":{"line":111,"column":11},"end":{"line":111,"column":16}},{"start":{"line":112,"column":12},"end":{"line":114,"column":20}}],"line":111},"8":{"loc":{"start":{"line":116,"column":11},"end":{"line":130,"column":11}},"type":"binary-expr","locations":[{"start":{"line":116,"column":11},"end":{"line":116,"column":15}},{"start":{"line":117,"column":12},"end":{"line":129,"column":18}}],"line":116},"9":{"loc":{"start":{"line":124,"column":15},"end":{"line":128,"column":15}},"type":"binary-expr","locations":[{"start":{"line":124,"column":15},"end":{"line":124,"column":27}},{"start":{"line":125,"column":16},"end":{"line":127,"column":29}}],"line":124},"10":{"loc":{"start":{"line":136,"column":9},"end":{"line":226,"column":9}},"type":"cond-expr","locations":[{"start":{"line":137,"column":10},"end":{"line":137,"column":55}},{"start":{"line":138,"column":12},"end":{"line":226,"column":9}}],"line":136},"11":{"loc":{"start":{"line":138,"column":12},"end":{"line":226,"column":9}},"type":"cond-expr","locations":[{"start":{"line":139,"column":10},"end":{"line":211,"column":17}},{"start":{"line":213,"column":10},"end":{"line":225,"column":18}}],"line":138},"12":{"loc":{"start":{"line":144,"column":21},"end":{"line":164,"column":21}},"type":"cond-expr","locations":[{"start":{"line":145,"column":22},"end":{"line":151,"column":24}},{"start":{"line":153,"column":22},"end":{"line":163,"column":28}}],"line":144}},"s":{"0":0,"1":0,"2":0,"3":0,"4":0,"5":0,"6":0,"7":0,"8":0,"9":0,"10":0,"11":0,"12":0,"13":0,"14":0,"15":0,"16":0,"17":0,"18":0,"19":0,"20":0,"21":0,"22":0,"23":0,"24":0,"25":0,"26":0,"27":0,"28":0,"29":0,"30":0,"31":0,"32":0,"33":0,"34":0,"35":0,"36":0,"37":0,"38":0,"39":0,"40":0,"41":0,"42":0,"43":0,"44":0,"45":0,"46":0,"47":0,"48":0,"49":0,"50":0,"51":0,"52":0,"53":0,"54":0},"f":{"0":0,"1":0,"2":0,"3":0,"4":0,"5":0,"6":0,"7":0,"8":0,"9":0,"10":0,"11":0},"b":{"0":[0,0],"1":[0,0],"2":[0,0],"3":[0,0],"4":[0,0],"5":[0,0],"6":[0,0],"7":[0,0],"8":[0,0],"9":[0,0],"10":[0,0],"11":[0,0],"12":[0,0]}}
,"/Users/vladdryga/Development/pet-projects/memorial-project/client/src/components/Register.js": {"path":"/Users/vladdryga/Development/pet-projects/memorial-project/client/src/components/Register.js","statementMap":{"0":{"start":{"line":15,"column":17},"end":{"line":113,"column":1}},"1":{"start":{"line":16,"column":19},"end":{"line":16,"column":32}},"2":{"start":{"line":17,"column":34},"end":{"line":22,"column":4}},"3":{"start":{"line":23,"column":28},"end":{"line":23,"column":40}},"4":{"start":{"line":25,"column":23},"end":{"line":27,"column":3}},"5":{"start":{"line":26,"column":4},"end":{"line":26,"column":66}},"6":{"start":{"line":29,"column":23},"end":{"line":47,"column":3}},"7":{"start":{"line":30,"column":4},"end":{"line":30,"column":23}},"8":{"start":{"line":31,"column":4},"end":{"line":34,"column":5}},"9":{"start":{"line":32,"column":6},"end":{"line":32,"column":41}},"10":{"start":{"line":33,"column":6},"end":{"line":33,"column":13}},"11":{"start":{"line":36,"column":4},"end":{"line":46,"column":5}},"12":{"start":{"line":37,"column":18},"end":{"line":41,"column":8}},"13":{"start":{"line":42,"column":6},"end":{"line":42,"column":52}},"14":{"start":{"line":43,"column":6},"end":{"line":43,"column":20}},"15":{"start":{"line":45,"column":6},"end":{"line":45,"column":63}},"16":{"start":{"line":49,"column":2},"end":{"line":112,"column":4}}},"fnMap":{"0":{"name":"(anonymous_0)","decl":{"start":{"line":15,"column":17},"end":{"line":15,"column":18}},"loc":{"start":{"line":15,"column":23},"end":{"line":113,"column":1}},"line":15},"1":{"name":"(anonymous_1)","decl":{"start":{"line":25,"column":23},"end":{"line":25,"column":24}},"loc":{"start":{"line":25,"column":30},"end":{"line":27,"column":3}},"line":25},"2":{"name":"(anonymous_2)","decl":{"start":{"line":29,"column":23},"end":{"line":29,"column":24}},"loc":{"start":{"line":29,"column":36},"end":{"line":47,"column":3}},"line":29}},"branchMap":{"0":{"loc":{"start":{"line":31,"column":4},"end":{"line":34,"column":5}},"type":"if","locations":[{"start":{"line":31,"column":4},"end":{"line":34,"column":5}},{"start":{},"end":{}}],"line":31},"1":{"loc":{"start":{"line":45,"column":15},"end":{"line":45,"column":61}},"type":"binary-expr","locations":[{"start":{"line":45,"column":15},"end":{"line":45,"column":38}},{"start":{"line":45,"column":42},"end":{"line":45,"column":61}}],"line":45},"2":{"loc":{"start":{"line":55,"column":9},"end":{"line":59,"column":9}},"type":"binary-expr","locations":[{"start":{"line":55,"column":9},"end":{"line":55,"column":14}},{"start":{"line":56,"column":10},"end":{"line":58,"column":18}}],"line":55}},"s":{"0":0,"1":0,"2":0,"3":0,"4":0,"5":0,"6":0,"7":0,"8":0,"9":0,"10":0,"11":0,"12":0,"13":0,"14":0,"15":0,"16":0},"f":{"0":0,"1":0,"2":0},"b":{"0":[0,0],"1":[0,0],"2":[0,0]}}
,"/Users/vladdryga/Development/pet-projects/memorial-project/client/src/context/AuthContext.js": {"path":"/Users/vladdryga/Development/pet-projects/memorial-project/client/src/context/AuthContext.js","statementMap":{"0":{"start":{"line":3,"column":20},"end":{"line":3,"column":39}},"1":{"start":{"line":5,"column":28},"end":{"line":60,"column":1}},"2":{"start":{"line":6,"column":48},"end":{"line":6,"column":63}},"3":{"start":{"line":7,"column":32},"end":{"line":7,"column":47}},"4":{"start":{"line":8,"column":32},"end":{"line":8,"column":46}},"5":{"start":{"line":10,"column":2},"end":{"line":30,"column":9}},"6":{"start":{"line":11,"column":18},"end":{"line":11,"column":47}},"7":{"start":{"line":12,"column":4},"end":{"line":28,"column":5}},"8":{"start":{"line":13,"column":6},"end":{"line":27,"column":7}},"9":{"start":{"line":14,"column":26},"end":{"line":14,"column":45}},"10":{"start":{"line":15,"column":23},"end":{"line":15,"column":70}},"11":{"start":{"line":16,"column":28},"end":{"line":18,"column":20}},"12":{"start":{"line":17,"column":10},"end":{"line":17,"column":71}},"13":{"start":{"line":19,"column":25},"end":{"line":19,"column":48}},"14":{"start":{"line":20,"column":8},"end":{"line":20,"column":33}},"15":{"start":{"line":21,"column":8},"end":{"line":21,"column":33}},"16":{"start":{"line":23,"column":8},"end":{"line":23,"column":52}},"17":{"start":{"line":24,"column":8},"end":{"line":24,"column":41}},"18":{"start":{"line":25,"column":8},"end":{"line":25,"column":34}},"19":{"start":{"line":26,"column":8},"end":{"line":26,"column":26}},"20":{"start":{"line":29,"column":4},"end":{"line":29,"column":22}},"21":{"start":{"line":32,"column":16},"end":{"line":47,"column":3}},"22":{"start":{"line":33,"column":4},"end":{"line":33,"column":41}},"23":{"start":{"line":34,"column":4},"end":{"line":46,"column":5}},"24":{"start":{"line":35,"column":24},"end":{"line":35,"column":43}},"25":{"start":{"line":36,"column":21},"end":{"line":36,"column":68}},"26":{"start":{"line":37,"column":26},"end":{"line":39,"column":18}},"27":{"start":{"line":38,"column":8},"end":{"line":38,"column":69}},"28":{"start":{"line":40,"column":23},"end":{"line":40,"column":46}},"29":{"start":{"line":41,"column":6},"end":{"line":41,"column":31}},"30":{"start":{"line":42,"column":6},"end":{"line":42,"column":31}},"31":{"start":{"line":44,"column":6},"end":{"line":44,"column":50}},"32":{"start":{"line":45,"column":6},"end":{"line":45,"column":15}},"33":{"start":{"line":49,"column":17},"end":{"line":53,"column":3}},"34":{"start":{"line":50,"column":4},"end":{"line":50,"column":37}},"35":{"start":{"line":51,"column":4},"end":{"line":51,"column":30}},"36":{"start":{"line":52,"column":4},"end":{"line":52,"column":22}},"37":{"start":{"line":55,"column":2},"end":{"line":59,"column":4}},"38":{"start":{"line":62,"column":23},"end":{"line":68,"column":1}},"39":{"start":{"line":63,"column":18},"end":{"line":63,"column":41}},"40":{"start":{"line":64,"column":2},"end":{"line":66,"column":3}},"41":{"start":{"line":65,"column":4},"end":{"line":65,"column":67}},"42":{"start":{"line":67,"column":2},"end":{"line":67,"column":17}}},"fnMap":{"0":{"name":"(anonymous_0)","decl":{"start":{"line":5,"column":28},"end":{"line":5,"column":29}},"loc":{"start":{"line":5,"column":46},"end":{"line":60,"column":1}},"line":5},"1":{"name":"(anonymous_1)","decl":{"start":{"line":10,"column":12},"end":{"line":10,"column":13}},"loc":{"start":{"line":10,"column":18},"end":{"line":30,"column":3}},"line":10},"2":{"name":"(anonymous_2)","decl":{"start":{"line":16,"column":74},"end":{"line":16,"column":75}},"loc":{"start":{"line":16,"column":86},"end":{"line":18,"column":9}},"line":16},"3":{"name":"(anonymous_3)","decl":{"start":{"line":32,"column":16},"end":{"line":32,"column":17}},"loc":{"start":{"line":32,"column":27},"end":{"line":47,"column":3}},"line":32},"4":{"name":"(anonymous_4)","decl":{"start":{"line":37,"column":72},"end":{"line":37,"column":73}},"loc":{"start":{"line":37,"column":84},"end":{"line":39,"column":7}},"line":37},"5":{"name":"(anonymous_5)","decl":{"start":{"line":49,"column":17},"end":{"line":49,"column":18}},"loc":{"start":{"line":49,"column":23},"end":{"line":53,"column":3}},"line":49},"6":{"name":"(anonymous_6)","decl":{"start":{"line":62,"column":23},"end":{"line":62,"column":24}},"loc":{"start":{"line":62,"column":29},"end":{"line":68,"column":1}},"line":62}},"branchMap":{"0":{"loc":{"start":{"line":12,"column":4},"end":{"line":28,"column":5}},"type":"if","locations":[{"start":{"line":12,"column":4},"end":{"line":28,"column":5}},{"start":{},"end":{}}],"line":12},"1":{"loc":{"start":{"line":64,"column":2},"end":{"line":66,"column":3}},"type":"if","locations":[{"start":{"line":64,"column":2},"end":{"line":66,"column":3}},{"start":{},"end":{}}],"line":64}},"s":{"0":0,"1":0,"2":0,"3":0,"4":0,"5":0,"6":0,"7":0,"8":0,"9":0,"10":0,"11":0,"12":0,"13":0,"14":0,"15":0,"16":0,"17":0,"18":0,"19":0,"20":0,"21":0,"22":0,"23":0,"24":0,"25":0,"26":0,"27":0,"28":0,"29":0,"30":0,"31":0,"32":0,"33":0,"34":0,"35":0,"36":0,"37":0,"38":0,"39":0,"40":0,"41":0,"42":0},"f":{"0":0,"1":0,"2":0,"3":0,"4":0,"5":0,"6":0},"b":{"0":[0,0],"1":[0,0]}}
,"/Users/vladdryga/Development/pet-projects/memorial-project/client/src/utils/axios.js": {"path":"/Users/vladdryga/Development/pet-projects/memorial-project/client/src/utils/axios.js","statementMap":{"0":{"start":{"line":4,"column":0},"end":{"line":4,"column":66}},"1":{"start":{"line":6,"column":22},"end":{"line":11,"column":2}},"2":{"start":{"line":14,"column":0},"end":{"line":32,"column":2}},"3":{"start":{"line":16,"column":4},"end":{"line":16,"column":68}},"4":{"start":{"line":17,"column":18},"end":{"line":17,"column":47}},"5":{"start":{"line":18,"column":4},"end":{"line":18,"column":56}},"6":{"start":{"line":20,"column":4},"end":{"line":25,"column":5}},"7":{"start":{"line":21,"column":6},"end":{"line":21,"column":45}},"8":{"start":{"line":22,"column":6},"end":{"line":22,"column":65}},"9":{"start":{"line":24,"column":6},"end":{"line":24,"column":64}},"10":{"start":{"line":26,"column":4},"end":{"line":26,"column":18}},"11":{"start":{"line":29,"column":4},"end":{"line":29,"column":55}},"12":{"start":{"line":30,"column":4},"end":{"line":30,"column":33}},"13":{"start":{"line":35,"column":0},"end":{"line":53,"column":2}},"14":{"start":{"line":37,"column":4},"end":{"line":37,"column":76}},"15":{"start":{"line":38,"column":4},"end":{"line":38,"column":20}},"16":{"start":{"line":41,"column":4},"end":{"line":41,"column":64}},"17":{"start":{"line":42,"column":4},"end":{"line":42,"column":68}},"18":{"start":{"line":43,"column":4},"end":{"line":43,"column":64}},"19":{"start":{"line":46,"column":4},"end":{"line":50,"column":5}},"20":{"start":{"line":47,"column":6},"end":{"line":47,"column":54}},"21":{"start":{"line":48,"column":6},"end":{"line":48,"column":39}},"22":{"start":{"line":49,"column":6},"end":{"line":49,"column":38}},"23":{"start":{"line":51,"column":4},"end":{"line":51,"column":33}}},"fnMap":{"0":{"name":"(anonymous_0)","decl":{"start":{"line":15,"column":2},"end":{"line":15,"column":3}},"loc":{"start":{"line":15,"column":14},"end":{"line":27,"column":3}},"line":15},"1":{"name":"(anonymous_1)","decl":{"start":{"line":28,"column":2},"end":{"line":28,"column":3}},"loc":{"start":{"line":28,"column":13},"end":{"line":31,"column":3}},"line":28},"2":{"name":"(anonymous_2)","decl":{"start":{"line":36,"column":2},"end":{"line":36,"column":3}},"loc":{"start":{"line":36,"column":16},"end":{"line":39,"column":3}},"line":36},"3":{"name":"(anonymous_3)","decl":{"start":{"line":40,"column":2},"end":{"line":40,"column":3}},"loc":{"start":{"line":40,"column":13},"end":{"line":52,"column":3}},"line":40}},"branchMap":{"0":{"loc":{"start":{"line":20,"column":4},"end":{"line":25,"column":5}},"type":"if","locations":[{"start":{"line":20,"column":4},"end":{"line":25,"column":5}},{"start":{"line":23,"column":11},"end":{"line":25,"column":5}}],"line":20},"1":{"loc":{"start":{"line":46,"column":4},"end":{"line":50,"column":5}},"type":"if","locations":[{"start":{"line":46,"column":4},"end":{"line":50,"column":5}},{"start":{},"end":{}}],"line":46},"2":{"loc":{"start":{"line":46,"column":8},"end":{"line":46,"column":79}},"type":"binary-expr","locations":[{"start":{"line":46,"column":8},"end":{"line":46,"column":38}},{"start":{"line":46,"column":42},"end":{"line":46,"column":79}}],"line":46}},"s":{"0":0,"1":0,"2":0,"3":0,"4":0,"5":0,"6":0,"7":0,"8":0,"9":0,"10":0,"11":0,"12":0,"13":0,"14":0,"15":0,"16":0,"17":0,"18":0,"19":0,"20":0,"21":0,"22":0,"23":0},"f":{"0":0,"1":0,"2":0,"3":0},"b":{"0":[0,0],"1":[0,0],"2":[0,0]}}
}
